{"/home/alaa/Desktop/CMS/server/server.js":{"path":"/home/alaa/Desktop/CMS/server/server.js","s":{"1":1,"2":1,"3":1,"4":1,"5":1,"6":1,"7":1,"8":1,"9":1,"10":0,"11":1,"12":1,"13":1},"b":{"1":[1,1],"2":[0,1]},"f":{},"fnMap":{},"statementMap":{"1":{"start":{"line":1,"column":0},"end":{"line":1,"column":29}},"2":{"start":{"line":2,"column":0},"end":{"line":2,"column":33}},"3":{"start":{"line":3,"column":0},"end":{"line":3,"column":31}},"4":{"start":{"line":4,"column":0},"end":{"line":4,"column":41}},"5":{"start":{"line":5,"column":0},"end":{"line":5,"column":46}},"6":{"start":{"line":6,"column":0},"end":{"line":6,"column":33}},"7":{"start":{"line":8,"column":0},"end":{"line":10,"column":3}},"8":{"start":{"line":12,"column":0},"end":{"line":27,"column":3}},"9":{"start":{"line":13,"column":4},"end":{"line":13,"column":23}},"10":{"start":{"line":13,"column":13},"end":{"line":13,"column":23}},"11":{"start":{"line":14,"column":4},"end":{"line":24,"column":7}},"12":{"start":{"line":26,"column":4},"end":{"line":26,"column":25}},"13":{"start":{"line":29,"column":0},"end":{"line":29,"column":24}}},"branchMap":{"1":{"line":9,"type":"binary-expr","locations":[{"start":{"line":9,"column":10},"end":{"line":9,"column":26}},{"start":{"line":9,"column":30},"end":{"line":9,"column":34}}]},"2":{"line":13,"type":"if","locations":[{"start":{"line":13,"column":4},"end":{"line":13,"column":4}},{"start":{"line":13,"column":4},"end":{"line":13,"column":4}}]}}},"/home/alaa/Desktop/CMS/server/routes.js":{"path":"/home/alaa/Desktop/CMS/server/routes.js","s":{"1":1,"2":1,"3":1,"4":1,"5":1,"6":1,"7":1,"8":1,"9":1,"10":1,"11":1,"12":1,"13":1,"14":1,"15":2,"16":2,"17":2,"18":1,"19":1,"20":1,"21":1,"22":1,"23":1,"24":1,"25":1,"26":1,"27":1,"28":1,"29":1},"b":{"1":[1,1]},"f":{"1":1,"2":1,"3":1,"4":2,"5":1},"fnMap":{"1":{"name":"(anonymous_1)","line":7,"loc":{"start":{"line":7,"column":13},"end":{"line":7,"column":34}}},"2":{"name":"(anonymous_2)","line":8,"loc":{"start":{"line":8,"column":31},"end":{"line":8,"column":53}}},"3":{"name":"(anonymous_3)","line":19,"loc":{"start":{"line":19,"column":13},"end":{"line":19,"column":34}}},"4":{"name":"(anonymous_4)","line":44,"loc":{"start":{"line":44,"column":13},"end":{"line":44,"column":34}}},"5":{"name":"(anonymous_5)","line":83,"loc":{"start":{"line":83,"column":13},"end":{"line":83,"column":34}}}},"statementMap":{"1":{"start":{"line":1,"column":0},"end":{"line":1,"column":27}},"2":{"start":{"line":2,"column":0},"end":{"line":2,"column":45}},"3":{"start":{"line":3,"column":0},"end":{"line":3,"column":36}},"4":{"start":{"line":4,"column":0},"end":{"line":15,"column":2}},"5":{"start":{"line":8,"column":8},"end":{"line":13,"column":10}},"6":{"start":{"line":9,"column":12},"end":{"line":9,"column":39}},"7":{"start":{"line":10,"column":12},"end":{"line":12,"column":15}},"8":{"start":{"line":16,"column":0},"end":{"line":24,"column":2}},"9":{"start":{"line":20,"column":8},"end":{"line":22,"column":11}},"10":{"start":{"line":26,"column":0},"end":{"line":39,"column":1}},"11":{"start":{"line":30,"column":8},"end":{"line":30,"column":38}},"12":{"start":{"line":31,"column":8},"end":{"line":35,"column":10}},"13":{"start":{"line":32,"column":12},"end":{"line":34,"column":14}},"14":{"start":{"line":41,"column":0},"end":{"line":68,"column":2}},"15":{"start":{"line":45,"column":8},"end":{"line":45,"column":34}},"16":{"start":{"line":46,"column":8},"end":{"line":58,"column":10}},"17":{"start":{"line":47,"column":12},"end":{"line":57,"column":13}},"18":{"start":{"line":48,"column":16},"end":{"line":50,"column":19}},"19":{"start":{"line":52,"column":16},"end":{"line":56,"column":19}},"20":{"start":{"line":70,"column":0},"end":{"line":78,"column":1}},"21":{"start":{"line":80,"column":0},"end":{"line":90,"column":2}},"22":{"start":{"line":84,"column":8},"end":{"line":84,"column":40}},"23":{"start":{"line":85,"column":8},"end":{"line":85,"column":44}},"24":{"start":{"line":86,"column":8},"end":{"line":86,"column":44}},"25":{"start":{"line":87,"column":8},"end":{"line":87,"column":54}},"26":{"start":{"line":88,"column":8},"end":{"line":88,"column":34}},"27":{"start":{"line":91,"column":0},"end":{"line":100,"column":2}},"28":{"start":{"line":101,"column":0},"end":{"line":110,"column":2}},"29":{"start":{"line":112,"column":0},"end":{"line":120,"column":1}}},"branchMap":{"1":{"line":47,"type":"if","locations":[{"start":{"line":47,"column":12},"end":{"line":47,"column":12}},{"start":{"line":47,"column":12},"end":{"line":47,"column":12}}]}}},"/home/alaa/Desktop/CMS/app/dbutils.js":{"path":"/home/alaa/Desktop/CMS/app/dbutils.js","s":{"1":1,"2":1,"3":1,"4":2,"5":2,"6":2,"7":1,"8":1,"9":2,"10":1,"11":4,"12":4,"13":0,"14":0,"15":4,"16":1,"17":1,"18":1,"19":1,"20":1,"21":1,"22":1,"23":2,"24":2,"25":0,"26":2,"27":1,"28":2,"29":2,"30":1,"31":1,"32":1,"33":1,"34":1,"35":1,"36":1,"37":1,"38":1},"b":{"1":[1,1],"2":[0,4],"3":[0,2],"4":[1,1]},"f":{"1":2,"2":2,"3":4,"4":4,"5":1,"6":1,"7":2,"8":2,"9":2,"10":2,"11":1,"12":1,"13":0},"fnMap":{"1":{"name":"dbconnection","line":20,"loc":{"start":{"line":20,"column":0},"end":{"line":20,"column":34}}},"2":{"name":"(anonymous_2)","line":22,"loc":{"start":{"line":22,"column":19},"end":{"line":22,"column":33}}},"3":{"name":"validation","line":31,"loc":{"start":{"line":31,"column":0},"end":{"line":31,"column":39}}},"4":{"name":"(anonymous_4)","line":32,"loc":{"start":{"line":32,"column":114},"end":{"line":32,"column":144}}},"5":{"name":"insert","line":41,"loc":{"start":{"line":41,"column":0},"end":{"line":41,"column":50}}},"6":{"name":"insertAdmin","line":52,"loc":{"start":{"line":52,"column":0},"end":{"line":52,"column":33}}},"7":{"name":"select","line":58,"loc":{"start":{"line":58,"column":0},"end":{"line":58,"column":28}}},"8":{"name":"(anonymous_8)","line":59,"loc":{"start":{"line":59,"column":40},"end":{"line":59,"column":70}}},"9":{"name":"selectSingleArticle","line":68,"loc":{"start":{"line":68,"column":0},"end":{"line":68,"column":59}}},"10":{"name":"(anonymous_10)","line":69,"loc":{"start":{"line":69,"column":75},"end":{"line":69,"column":105}}},"11":{"name":"createAdminTable","line":79,"loc":{"start":{"line":79,"column":0},"end":{"line":79,"column":38}}},"12":{"name":"createBlogTable","line":84,"loc":{"start":{"line":84,"column":0},"end":{"line":84,"column":37}}},"13":{"name":"(anonymous_13)","line":97,"loc":{"start":{"line":97,"column":39},"end":{"line":97,"column":53}}}},"statementMap":{"1":{"start":{"line":1,"column":0},"end":{"line":1,"column":23}},"2":{"start":{"line":2,"column":0},"end":{"line":7,"column":1}},"3":{"start":{"line":20,"column":0},"end":{"line":29,"column":1}},"4":{"start":{"line":21,"column":4},"end":{"line":21,"column":39}},"5":{"start":{"line":22,"column":4},"end":{"line":27,"column":7}},"6":{"start":{"line":23,"column":8},"end":{"line":26,"column":9}},"7":{"start":{"line":24,"column":12},"end":{"line":24,"column":31}},"8":{"start":{"line":25,"column":12},"end":{"line":25,"column":19}},"9":{"start":{"line":28,"column":4},"end":{"line":28,"column":18}},"10":{"start":{"line":31,"column":0},"end":{"line":39,"column":1}},"11":{"start":{"line":32,"column":4},"end":{"line":38,"column":7}},"12":{"start":{"line":33,"column":8},"end":{"line":36,"column":9}},"13":{"start":{"line":34,"column":12},"end":{"line":34,"column":52}},"14":{"start":{"line":35,"column":12},"end":{"line":35,"column":38}},"15":{"start":{"line":37,"column":8},"end":{"line":37,"column":38}},"16":{"start":{"line":41,"column":0},"end":{"line":50,"column":1}},"17":{"start":{"line":42,"column":2},"end":{"line":42,"column":29}},"18":{"start":{"line":43,"column":4},"end":{"line":43,"column":116}},"19":{"start":{"line":52,"column":0},"end":{"line":56,"column":1}},"20":{"start":{"line":53,"column":4},"end":{"line":53,"column":89}},"21":{"start":{"line":54,"column":4},"end":{"line":54,"column":29}},"22":{"start":{"line":58,"column":0},"end":{"line":66,"column":1}},"23":{"start":{"line":59,"column":4},"end":{"line":65,"column":6}},"24":{"start":{"line":60,"column":8},"end":{"line":64,"column":9}},"25":{"start":{"line":61,"column":12},"end":{"line":61,"column":38}},"26":{"start":{"line":63,"column":12},"end":{"line":63,"column":38}},"27":{"start":{"line":68,"column":0},"end":{"line":77,"column":1}},"28":{"start":{"line":69,"column":4},"end":{"line":76,"column":6}},"29":{"start":{"line":70,"column":8},"end":{"line":74,"column":9}},"30":{"start":{"line":71,"column":12},"end":{"line":71,"column":38}},"31":{"start":{"line":73,"column":12},"end":{"line":73,"column":38}},"32":{"start":{"line":79,"column":0},"end":{"line":82,"column":1}},"33":{"start":{"line":80,"column":4},"end":{"line":80,"column":80}},"34":{"start":{"line":81,"column":4},"end":{"line":81,"column":29}},"35":{"start":{"line":84,"column":0},"end":{"line":87,"column":1}},"36":{"start":{"line":85,"column":4},"end":{"line":85,"column":91}},"37":{"start":{"line":86,"column":4},"end":{"line":86,"column":29}},"38":{"start":{"line":89,"column":0},"end":{"line":101,"column":1}}},"branchMap":{"1":{"line":23,"type":"if","locations":[{"start":{"line":23,"column":8},"end":{"line":23,"column":8}},{"start":{"line":23,"column":8},"end":{"line":23,"column":8}}]},"2":{"line":33,"type":"if","locations":[{"start":{"line":33,"column":8},"end":{"line":33,"column":8}},{"start":{"line":33,"column":8},"end":{"line":33,"column":8}}]},"3":{"line":60,"type":"if","locations":[{"start":{"line":60,"column":8},"end":{"line":60,"column":8}},{"start":{"line":60,"column":8},"end":{"line":60,"column":8}}]},"4":{"line":70,"type":"if","locations":[{"start":{"line":70,"column":8},"end":{"line":70,"column":8}},{"start":{"line":70,"column":8},"end":{"line":70,"column":8}}]}}},"/home/alaa/Desktop/CMS/index.js":{"path":"/home/alaa/Desktop/CMS/index.js","s":{"1":1,"2":1,"3":1},"b":{},"f":{"1":1},"fnMap":{"1":{"name":"(anonymous_1)","line":2,"loc":{"start":{"line":2,"column":13},"end":{"line":2,"column":24}}}},"statementMap":{"1":{"start":{"line":1,"column":0},"end":{"line":1,"column":45}},"2":{"start":{"line":2,"column":0},"end":{"line":4,"column":3}},"3":{"start":{"line":3,"column":4},"end":{"line":3,"column":52}}},"branchMap":{}}}