{"/home/alaa/Desktop/CMS/server/server.js":{"path":"/home/alaa/Desktop/CMS/server/server.js","s":{"1":1,"2":1,"3":1,"4":1,"5":1,"6":1,"7":1,"8":1,"9":1,"10":0,"11":1,"12":1,"13":1},"b":{"1":[1,1],"2":[0,1]},"f":{},"fnMap":{},"statementMap":{"1":{"start":{"line":1,"column":0},"end":{"line":1,"column":29}},"2":{"start":{"line":2,"column":0},"end":{"line":2,"column":33}},"3":{"start":{"line":3,"column":0},"end":{"line":3,"column":31}},"4":{"start":{"line":4,"column":0},"end":{"line":4,"column":41}},"5":{"start":{"line":5,"column":0},"end":{"line":5,"column":46}},"6":{"start":{"line":7,"column":0},"end":{"line":7,"column":33}},"7":{"start":{"line":9,"column":0},"end":{"line":11,"column":3}},"8":{"start":{"line":13,"column":0},"end":{"line":28,"column":3}},"9":{"start":{"line":14,"column":2},"end":{"line":14,"column":21}},"10":{"start":{"line":14,"column":11},"end":{"line":14,"column":21}},"11":{"start":{"line":16,"column":2},"end":{"line":25,"column":5}},"12":{"start":{"line":27,"column":2},"end":{"line":27,"column":23}},"13":{"start":{"line":30,"column":0},"end":{"line":30,"column":24}}},"branchMap":{"1":{"line":10,"type":"binary-expr","locations":[{"start":{"line":10,"column":8},"end":{"line":10,"column":24}},{"start":{"line":10,"column":28},"end":{"line":10,"column":32}}]},"2":{"line":14,"type":"if","locations":[{"start":{"line":14,"column":2},"end":{"line":14,"column":2}},{"start":{"line":14,"column":2},"end":{"line":14,"column":2}}]}}},"/home/alaa/Desktop/CMS/server/routes.js":{"path":"/home/alaa/Desktop/CMS/server/routes.js","s":{"1":1,"2":1,"3":1,"4":1,"5":1,"6":1,"7":1,"8":0,"9":1,"10":0,"11":1,"12":0,"13":1,"14":1,"15":1,"16":1,"17":1,"18":1,"19":1,"20":1},"b":{},"f":{"1":1,"2":1,"3":0,"4":0,"5":0,"6":1},"fnMap":{"1":{"name":"(anonymous_1)","line":7,"loc":{"start":{"line":7,"column":13},"end":{"line":7,"column":34}}},"2":{"name":"(anonymous_2)","line":8,"loc":{"start":{"line":8,"column":30},"end":{"line":8,"column":53}}},"3":{"name":"(anonymous_3)","line":19,"loc":{"start":{"line":19,"column":13},"end":{"line":19,"column":34}}},"4":{"name":"(anonymous_4)","line":28,"loc":{"start":{"line":28,"column":13},"end":{"line":28,"column":34}}},"5":{"name":"(anonymous_5)","line":47,"loc":{"start":{"line":47,"column":17},"end":{"line":47,"column":42}}},"6":{"name":"(anonymous_6)","line":55,"loc":{"start":{"line":55,"column":13},"end":{"line":55,"column":34}}}},"statementMap":{"1":{"start":{"line":1,"column":0},"end":{"line":1,"column":27}},"2":{"start":{"line":2,"column":0},"end":{"line":2,"column":45}},"3":{"start":{"line":3,"column":0},"end":{"line":3,"column":36}},"4":{"start":{"line":4,"column":0},"end":{"line":15,"column":2}},"5":{"start":{"line":8,"column":8},"end":{"line":12,"column":10}},"6":{"start":{"line":10,"column":10},"end":{"line":10,"column":47}},"7":{"start":{"line":16,"column":0},"end":{"line":23,"column":2}},"8":{"start":{"line":20,"column":8},"end":{"line":20,"column":28}},"9":{"start":{"line":25,"column":0},"end":{"line":42,"column":2}},"10":{"start":{"line":30,"column":8},"end":{"line":30,"column":35}},"11":{"start":{"line":44,"column":0},"end":{"line":50,"column":5}},"12":{"start":{"line":48,"column":12},"end":{"line":48,"column":33}},"13":{"start":{"line":52,"column":0},"end":{"line":65,"column":2}},"14":{"start":{"line":57,"column":8},"end":{"line":57,"column":40}},"15":{"start":{"line":58,"column":8},"end":{"line":58,"column":44}},"16":{"start":{"line":59,"column":8},"end":{"line":59,"column":44}},"17":{"start":{"line":60,"column":8},"end":{"line":60,"column":29}},"18":{"start":{"line":61,"column":8},"end":{"line":61,"column":53}},"19":{"start":{"line":62,"column":8},"end":{"line":62,"column":34}},"20":{"start":{"line":66,"column":0},"end":{"line":71,"column":1}}},"branchMap":{}},"/home/alaa/Desktop/CMS/app/dbutils.js":{"path":"/home/alaa/Desktop/CMS/app/dbutils.js","s":{"1":1,"2":1,"3":1,"4":1,"5":1,"6":1,"7":0,"8":0,"9":1,"10":1,"11":1,"12":0,"13":0,"14":1,"15":1,"16":1,"17":0,"18":1,"19":1},"b":{"1":[0,1],"2":[0,0],"3":[0,1]},"f":{"1":1,"2":1,"3":1,"4":0,"5":1,"6":1,"7":0},"fnMap":{"1":{"name":"dbconnection","line":9,"loc":{"start":{"line":9,"column":0},"end":{"line":9,"column":34}}},"2":{"name":"(anonymous_2)","line":11,"loc":{"start":{"line":11,"column":19},"end":{"line":11,"column":33}}},"3":{"name":"insert","line":20,"loc":{"start":{"line":20,"column":0},"end":{"line":20,"column":47}}},"4":{"name":"(anonymous_4)","line":21,"loc":{"start":{"line":21,"column":110},"end":{"line":21,"column":138}}},"5":{"name":"select","line":30,"loc":{"start":{"line":30,"column":0},"end":{"line":30,"column":27}}},"6":{"name":"(anonymous_6)","line":31,"loc":{"start":{"line":31,"column":39},"end":{"line":31,"column":67}}},"7":{"name":"(anonymous_7)","line":42,"loc":{"start":{"line":42,"column":39},"end":{"line":42,"column":53}}}},"statementMap":{"1":{"start":{"line":1,"column":0},"end":{"line":1,"column":23}},"2":{"start":{"line":2,"column":0},"end":{"line":7,"column":1}},"3":{"start":{"line":9,"column":0},"end":{"line":18,"column":1}},"4":{"start":{"line":10,"column":4},"end":{"line":10,"column":39}},"5":{"start":{"line":11,"column":4},"end":{"line":16,"column":7}},"6":{"start":{"line":12,"column":8},"end":{"line":15,"column":9}},"7":{"start":{"line":13,"column":12},"end":{"line":13,"column":31}},"8":{"start":{"line":14,"column":12},"end":{"line":14,"column":19}},"9":{"start":{"line":17,"column":4},"end":{"line":17,"column":18}},"10":{"start":{"line":20,"column":0},"end":{"line":29,"column":1}},"11":{"start":{"line":21,"column":4},"end":{"line":27,"column":6}},"12":{"start":{"line":22,"column":6},"end":{"line":24,"column":19}},"13":{"start":{"line":23,"column":22},"end":{"line":23,"column":62}},"14":{"start":{"line":30,"column":0},"end":{"line":38,"column":1}},"15":{"start":{"line":31,"column":4},"end":{"line":36,"column":6}},"16":{"start":{"line":32,"column":6},"end":{"line":34,"column":19}},"17":{"start":{"line":33,"column":22},"end":{"line":33,"column":62}},"18":{"start":{"line":35,"column":18},"end":{"line":35,"column":43}},"19":{"start":{"line":39,"column":0},"end":{"line":44,"column":1}}},"branchMap":{"1":{"line":12,"type":"if","locations":[{"start":{"line":12,"column":8},"end":{"line":12,"column":8}},{"start":{"line":12,"column":8},"end":{"line":12,"column":8}}]},"2":{"line":22,"type":"if","locations":[{"start":{"line":22,"column":6},"end":{"line":22,"column":6}},{"start":{"line":22,"column":6},"end":{"line":22,"column":6}}]},"3":{"line":32,"type":"if","locations":[{"start":{"line":32,"column":6},"end":{"line":32,"column":6}},{"start":{"line":32,"column":6},"end":{"line":32,"column":6}}]}}},"/home/alaa/Desktop/CMS/index.js":{"path":"/home/alaa/Desktop/CMS/index.js","s":{"1":1,"2":1,"3":1},"b":{},"f":{"1":1},"fnMap":{"1":{"name":"(anonymous_1)","line":3,"loc":{"start":{"line":3,"column":13},"end":{"line":3,"column":24}}}},"statementMap":{"1":{"start":{"line":2,"column":0},"end":{"line":2,"column":45}},"2":{"start":{"line":3,"column":0},"end":{"line":5,"column":3}},"3":{"start":{"line":4,"column":4},"end":{"line":4,"column":52}}},"branchMap":{}},"/home/alaa/Desktop/CMS/templates/helpers/test.js":{"path":"/home/alaa/Desktop/CMS/templates/helpers/test.js","s":{"1":1,"2":1,"3":0,"4":0},"b":{},"f":{"1":0},"fnMap":{"1":{"name":"(anonymous_1)","line":2,"loc":{"start":{"line":2,"column":17},"end":{"line":2,"column":29}}}},"statementMap":{"1":{"start":{"line":1,"column":0},"end":{"line":1,"column":60}},"2":{"start":{"line":2,"column":0},"end":{"line":5,"column":1}},"3":{"start":{"line":3,"column":2},"end":{"line":3,"column":35}},"4":{"start":{"line":4,"column":2},"end":{"line":4,"column":18}}},"branchMap":{}},"/home/alaa/Desktop/CMS/app/selectTitle.js":{"path":"/home/alaa/Desktop/CMS/app/selectTitle.js","s":{},"b":{},"f":{},"fnMap":{},"statementMap":{},"branchMap":{}}}