TN:
SF:/home/alaa/Desktop/CMS/server/server.js
FNF:0
FNH:0
DA:1,1
DA:2,1
DA:3,1
DA:4,1
DA:5,1
DA:7,1
DA:9,1
DA:13,1
DA:14,1
DA:16,1
DA:25,1
DA:28,1
LF:12
LH:12
BRDA:10,1,0,1
BRDA:10,1,1,1
BRDA:14,2,0,0
BRDA:14,2,1,1
BRF:4
BRH:3
end_of_record
TN:
SF:/home/alaa/Desktop/CMS/server/routes.js
FN:7,(anonymous_1)
FN:8,(anonymous_2)
FN:18,(anonymous_3)
FN:27,(anonymous_4)
FN:67,(anonymous_5)
FNF:5
FNH:5
FNDA:1,(anonymous_1)
FNDA:1,(anonymous_2)
FNDA:1,(anonymous_3)
FNDA:2,(anonymous_4)
FNDA:1,(anonymous_5)
DA:1,1
DA:2,1
DA:3,1
DA:4,1
DA:8,1
DA:9,1
DA:15,1
DA:19,1
DA:24,1
DA:28,2
DA:29,2
DA:30,2
DA:31,2
DA:32,1
DA:34,1
DA:54,1
DA:64,1
DA:69,1
DA:70,1
DA:71,1
DA:72,1
DA:73,1
DA:77,1
DA:89,1
LF:24
LH:24
BRDA:31,1,0,1
BRDA:31,1,1,1
BRF:2
BRH:2
end_of_record
TN:
SF:/home/alaa/Desktop/CMS/app/dbutils.js
FN:9,dbconnection
FN:11,(anonymous_2)
FN:20,validation
FN:21,(anonymous_4)
FN:31,insert
FN:32,(anonymous_6)
FN:42,select
FN:43,(anonymous_8)
FN:51,createUserTable
FN:55,createBlogTable
FN:66,(anonymous_11)
FNF:11
FNH:10
FNDA:1,dbconnection
FNDA:1,(anonymous_2)
FNDA:4,validation
FNDA:4,(anonymous_4)
FNDA:1,insert
FNDA:1,(anonymous_6)
FNDA:2,select
FNDA:2,(anonymous_8)
FNDA:1,createUserTable
FNDA:1,createBlogTable
FNDA:0,(anonymous_11)
DA:1,1
DA:2,1
DA:9,1
DA:10,1
DA:11,1
DA:12,1
DA:13,0
DA:14,0
DA:17,1
DA:20,1
DA:21,4
DA:22,4
DA:23,0
DA:24,0
DA:26,4
DA:27,4
DA:31,1
DA:32,1
DA:33,1
DA:34,0
DA:42,1
DA:43,2
DA:44,2
DA:45,0
DA:47,2
DA:51,1
DA:52,1
DA:53,1
DA:55,1
DA:56,1
DA:57,1
DA:60,1
LF:32
LH:26
BRDA:12,1,0,0
BRDA:12,1,1,1
BRDA:22,2,0,0
BRDA:22,2,1,4
BRDA:33,3,0,0
BRDA:33,3,1,1
BRDA:44,4,0,0
BRDA:44,4,1,2
BRF:8
BRH:4
end_of_record
TN:
SF:/home/alaa/Desktop/CMS/index.js
FN:3,(anonymous_1)
FNF:1
FNH:1
FNDA:1,(anonymous_1)
DA:2,1
DA:3,1
DA:4,1
LF:3
LH:3
BRF:0
BRH:0
end_of_record
