TN:
SF:/home/alaa/Desktop/CMS/server/server.js
FNF:0
FNH:0
DA:1,1
DA:2,1
DA:3,1
DA:4,1
DA:5,1
DA:7,1
DA:9,1
DA:13,1
DA:14,1
DA:16,1
DA:25,1
DA:28,1
LF:12
LH:12
BRDA:10,1,0,1
BRDA:10,1,1,1
BRDA:14,2,0,0
BRDA:14,2,1,1
BRF:4
BRH:3
end_of_record
TN:
SF:/home/alaa/Desktop/CMS/server/routes.js
FN:7,(anonymous_1)
FN:8,(anonymous_2)
FN:19,(anonymous_3)
FN:28,(anonymous_4)
FN:67,(anonymous_5)
FNF:5
FNH:5
FNDA:1,(anonymous_1)
FNDA:1,(anonymous_2)
FNDA:1,(anonymous_3)
FNDA:2,(anonymous_4)
FNDA:1,(anonymous_5)
DA:1,1
DA:2,1
DA:3,1
DA:4,1
DA:8,1
DA:9,1
DA:10,1
DA:16,1
DA:20,1
DA:25,1
DA:29,2
DA:30,2
DA:31,2
DA:32,1
DA:34,1
DA:54,1
DA:64,1
DA:69,1
DA:70,1
DA:71,1
DA:72,1
DA:73,1
DA:77,1
DA:89,1
DA:102,1
LF:25
LH:25
BRDA:31,1,0,1
BRDA:31,1,1,1
BRF:2
BRH:2
end_of_record
TN:
SF:/home/alaa/Desktop/CMS/app/dbutils.js
FN:20,dbconnection
FN:22,(anonymous_2)
FN:31,validation
FN:32,(anonymous_4)
FN:42,insert
FN:43,(anonymous_6)
FN:52,insertAdmin
FN:57,select
FN:58,(anonymous_9)
FN:66,createAdminTable
FN:70,createBlogTable
FN:82,(anonymous_12)
FNF:12
FNH:11
FNDA:1,dbconnection
FNDA:1,(anonymous_2)
FNDA:4,validation
FNDA:4,(anonymous_4)
FNDA:1,insert
FNDA:1,(anonymous_6)
FNDA:1,insertAdmin
FNDA:2,select
FNDA:2,(anonymous_9)
FNDA:1,createAdminTable
FNDA:1,createBlogTable
FNDA:0,(anonymous_12)
DA:1,1
DA:9,1
DA:20,1
DA:21,1
DA:22,1
DA:23,1
DA:24,0
DA:25,0
DA:28,1
DA:31,1
DA:32,4
DA:33,4
DA:34,0
DA:35,0
DA:37,4
DA:38,4
DA:42,1
DA:43,1
DA:44,1
DA:45,0
DA:52,1
DA:53,1
DA:54,1
DA:57,1
DA:58,2
DA:59,2
DA:60,0
DA:62,2
DA:66,1
DA:67,1
DA:68,1
DA:70,1
DA:71,1
DA:72,1
DA:75,1
LF:35
LH:29
BRDA:23,1,0,0
BRDA:23,1,1,1
BRDA:33,2,0,0
BRDA:33,2,1,4
BRDA:44,3,0,0
BRDA:44,3,1,1
BRDA:59,4,0,0
BRDA:59,4,1,2
BRF:8
BRH:4
end_of_record
TN:
SF:/home/alaa/Desktop/CMS/index.js
FN:3,(anonymous_1)
FNF:1
FNH:1
FNDA:1,(anonymous_1)
DA:2,1
DA:3,1
DA:4,1
LF:3
LH:3
BRF:0
BRH:0
end_of_record
